<?xml version="1.0" encoding="UTF-8"?>
<testsuite name="HelloWorldTest" tests="1" skipped="0" failures="0" errors="0" timestamp="2023-11-28T13:46:07" hostname="panda" time="0.067">
  <properties/>
  <testcase name="helloWorldTest" classname="HelloWorldTest" time="0.067"/>
  <system-out><![CDATA[]]></system-out>
  <system-err><![CDATA[]]></system-err>
</testsuite>
