<?xml version="1.0" encoding="UTF-8"?>
<testsuite name="TwoFerTest" tests="1" skipped="0" failures="0" errors="0" timestamp="2023-11-29T13:03:36" hostname="panda" time="0.022">
  <properties/>
  <testcase name="noNameGiven" classname="TwoFerTest" time="0.022"/>
  <system-out><![CDATA[]]></system-out>
  <system-err><![CDATA[]]></system-err>
</testsuite>
